Arguments: 
  /home/luc/.nvm/versions/node/v16.9.1/bin/node /home/luc/.nvm/versions/node/v16.9.1/bin/yarn add cors

PATH: 
  /home/luc/.local/share/gem/ruby/3.0.0/bin:/home/luc/.yarn/bin:/home/luc/.local/share/gem/ruby/3.0.0/bin:/home/luc/.yarn/bin:/home/luc/.local/share/gem/ruby/3.0.0/bin:/home/luc/.yarn/bin:/home/luc/.nvm/versions/node/v16.9.1/bin:/home/luc/.rvm/gems/ruby-3.0.0/bin:/home/luc/.rvm/gems/ruby-3.0.0@global/bin:/home/luc/.rvm/rubies/ruby-3.0.0/bin:/home/luc/.nix-profile/bin:/nix/var/nix/profiles/default/bin:/usr/local/sbin:/usr/local/bin:/usr/bin:/home/luc/.dotnet/tools:/usr/lib/jvm/default/bin:/usr/bin/site_perl:/usr/bin/vendor_perl:/usr/bin/core_perl:/var/lib/snapd/snap/bin:/home/luc/.rvm/bin:/home/luc/.cargo/bin:/home/luc/.foundry/bin:/home/luc/.foundry/bin:/home/luc/.rvm/bin:/home/luc/.cargo/bin:/home/luc/.foundry/bin:/home/luc/.foundry/bin:/home/luc/.rvm/bin:/home/luc/.cargo/bin:/home/luc/.foundry/bin:/home/luc/.foundry/bin:/home/luc/.rvm/bin

Yarn version: 
  1.22.15

Node version: 
  16.9.1

Platform: 
  linux x64

Trace: 
  Error: ENOENT: no such file or directory, copyfile '/home/luc/.cache/yarn/v6/npm-estraverse-4.3.0-398ad3f3c5a24948be7725e83d11a7de28cdbd1d-integrity/node_modules/estraverse/.jshintrc' -> '/home/luc/dev/local/grantr/backend/node_modules/@typescript-eslint/utils/node_modules/estraverse/.jshintrc'

npm manifest: 
  {
      "name": "grantr",
      "version": "1.0.0",
      "description": "",
      "main": "index.js",
      "scripts": {
          "test": "echo \"Error: no test specified\" && exit 1",
          "lint": "eslint -c .eslintrc.json --ext .ts ./src",
          "start": "ts-node ./src/index.ts",
          "dev": "ts-node-dev ./src/index.ts"
      },
      "keywords": [],
      "author": "",
      "license": "ISC",
      "devDependencies": {
          "@types/node": "^17.0.41",
          "@typescript-eslint/parser": "^5.27.1",
          "eslint": "^8.17.0",
          "eslint-plugin-lvksh": "^1.4.1",
          "ts-node": "^10.8.1",
          "typescript": "^4.7.3"
      },
      "dependencies": {
          "@lvksh/logger": "^1.6.3",
          "@types/dotenv": "^8.2.0",
          "@types/express": "^4.17.13",
          "dotenv": "^16.0.1",
          "express": "^4.18.1",
          "kleur": "^4.1.4",
          "redis": "^4.1.0",
          "ts-node-dev": "^2.0.0"
      }
  }

yarn manifest: 
  No manifest

Lockfile: 
  No lockfile
